\BOOKMARK [1][]{section.1}{Einf\374hrung}{}% 1
\BOOKMARK [2][]{subsection.1.1}{Aufgabenstellung}{section.1}% 2
\BOOKMARK [2][]{subsection.1.2}{Einleitung}{section.1}% 3
\BOOKMARK [2][]{subsection.1.3}{Aufgabenverteilung}{section.1}% 4
\BOOKMARK [1][]{section.2}{Mechanik}{}% 5
\BOOKMARK [2][]{subsection.2.1}{Greifer}{section.2}% 6
\BOOKMARK [3][-]{subsubsection.2.1.1}{Anforderungen}{subsection.2.1}% 7
\BOOKMARK [3][-]{subsubsection.2.1.2}{Realisierung des Greifers}{subsection.2.1}% 8
\BOOKMARK [3][-]{subsubsection.2.1.3}{Antrieb}{subsection.2.1}% 9
\BOOKMARK [3][-]{subsubsection.2.1.4}{Kugellager}{subsection.2.1}% 10
\BOOKMARK [3][-]{subsubsection.2.1.5}{Antrieb und \334bersetzung Drehgelenk}{subsection.2.1}% 11
\BOOKMARK [3][-]{subsubsection.2.1.6}{Kugellager Drehgelenk}{subsection.2.1}% 12
\BOOKMARK [2][]{subsection.2.2}{Achsen}{section.2}% 13
\BOOKMARK [3][-]{subsubsection.2.2.1}{Anforderungen X-Y-Z-Achse}{subsection.2.2}% 14
\BOOKMARK [3][-]{subsubsection.2.2.2}{Realisierung der Achsen}{subsection.2.2}% 15
\BOOKMARK [3][-]{subsubsection.2.2.3}{Antriebsmoment der Z-Achse}{subsection.2.2}% 16
\BOOKMARK [3][-]{subsubsection.2.2.4}{Linearf\374hrung Z-Achse}{subsection.2.2}% 17
\BOOKMARK [3][-]{subsubsection.2.2.5}{Kugelumlaufspindel der Z-Achse}{subsection.2.2}% 18
\BOOKMARK [3][-]{subsubsection.2.2.6}{Berechnungen der X-Achse}{subsection.2.2}% 19
\BOOKMARK [3][-]{subsubsection.2.2.7}{Linearf\374hrung der X-Achse}{subsection.2.2}% 20
\BOOKMARK [3][-]{subsubsection.2.2.8}{Berechnungen Y-Achse}{subsection.2.2}% 21
\BOOKMARK [3][-]{subsubsection.2.2.9}{Linearf\374hrung der Y-Achse}{subsection.2.2}% 22
\BOOKMARK [3][-]{subsubsection.2.2.10}{Kugelumlaufspindel der Y-Achse}{subsection.2.2}% 23
\BOOKMARK [2][]{subsection.2.3}{Gestaltung des Rahmens}{section.2}% 24
\BOOKMARK [2][]{subsection.2.4}{Daten und Komponenten des Automaten}{section.2}% 25
\BOOKMARK [3][-]{subsubsection.2.4.1}{X-Y-Z Achsen}{subsection.2.4}% 26
\BOOKMARK [3][-]{subsubsection.2.4.2}{Greifarm}{subsection.2.4}% 27
\BOOKMARK [2][]{subsection.2.5}{Schmierung/Instandhaltung}{section.2}% 28
\BOOKMARK [2][]{subsection.2.6}{Quellenangabe}{section.2}% 29
\BOOKMARK [2][]{subsection.2.7}{Anhang}{section.2}% 30
\BOOKMARK [1][]{appendix.A}{Anhang Mechanik}{}% 31
\BOOKMARK [2][]{subsection.A.1}{Drehgelenk und Greifer}{appendix.A}% 32
\BOOKMARK [2][]{subsection.A.2}{Z-Achse}{appendix.A}% 33
\BOOKMARK [2][]{subsection.A.3}{X-Achse}{appendix.A}% 34
\BOOKMARK [2][]{subsection.A.4}{Y-Achse}{appendix.A}% 35
