\BOOKMARK [1][]{section.1}{Einf\374hrung}{}% 1
\BOOKMARK [2][]{subsection.1.1}{Aufgabenstellung}{section.1}% 2
\BOOKMARK [2][]{subsection.1.2}{Einleitung}{section.1}% 3
\BOOKMARK [2][]{subsection.1.3}{Aufgabenverteilung}{section.1}% 4
\BOOKMARK [1][]{section.2}{Mechanik}{}% 5
\BOOKMARK [2][]{subsection.2.1}{Greifer}{section.2}% 6
\BOOKMARK [3][-]{subsubsection.2.1.1}{Anforderungen}{subsection.2.1}% 7
\BOOKMARK [3][-]{subsubsection.2.1.2}{Realisierung des Greifers}{subsection.2.1}% 8
\BOOKMARK [3][-]{subsubsection.2.1.3}{Antrieb}{subsection.2.1}% 9
\BOOKMARK [3][-]{subsubsection.2.1.4}{Kugellager}{subsection.2.1}% 10
\BOOKMARK [3][-]{subsubsection.2.1.5}{Antrieb und \334bersetzung Drehgelenk}{subsection.2.1}% 11
\BOOKMARK [3][-]{subsubsection.2.1.6}{Kugellager Drehgelenk}{subsection.2.1}% 12
\BOOKMARK [2][]{subsection.2.2}{Achsen}{section.2}% 13
\BOOKMARK [3][-]{subsubsection.2.2.1}{Anforderungen X-Y-Z-Achse}{subsection.2.2}% 14
\BOOKMARK [3][-]{subsubsection.2.2.2}{Realisierung der Achsen}{subsection.2.2}% 15
\BOOKMARK [3][-]{subsubsection.2.2.3}{Antriebsmoment der Z-Achse}{subsection.2.2}% 16
\BOOKMARK [3][-]{subsubsection.2.2.4}{Linearf\374hrung Z-Achse}{subsection.2.2}% 17
\BOOKMARK [3][-]{subsubsection.2.2.5}{Kugelumlaufspindel der Z-Achse}{subsection.2.2}% 18
\BOOKMARK [3][-]{subsubsection.2.2.6}{Berechnungen der X-Achse}{subsection.2.2}% 19
\BOOKMARK [3][-]{subsubsection.2.2.7}{Linearf\374hrung der X-Achse}{subsection.2.2}% 20
\BOOKMARK [3][-]{subsubsection.2.2.8}{Berechnungen Y-Achse}{subsection.2.2}% 21
\BOOKMARK [3][-]{subsubsection.2.2.9}{Linearf\374hrung der Y-Achse}{subsection.2.2}% 22
\BOOKMARK [3][-]{subsubsection.2.2.10}{Kugelumlaufspindel der Y-Achse}{subsection.2.2}% 23
\BOOKMARK [2][]{subsection.2.3}{Gestaltung des Rahmens}{section.2}% 24
\BOOKMARK [2][]{subsection.2.4}{Daten und Komponenten des Automaten}{section.2}% 25
\BOOKMARK [3][-]{subsubsection.2.4.1}{X-Y-Z Achsen}{subsection.2.4}% 26
\BOOKMARK [3][-]{subsubsection.2.4.2}{Greifarm}{subsection.2.4}% 27
\BOOKMARK [2][]{subsection.2.5}{Schmierung/Instandhaltung}{section.2}% 28
\BOOKMARK [2][]{subsection.2.6}{Quellenangabe}{section.2}% 29
\BOOKMARK [1][]{section.3}{Elektronik}{}% 30
\BOOKMARK [2][]{subsection.3.1}{Anforderungen an die Elektronik}{section.3}% 31
\BOOKMARK [2][]{subsection.3.2}{Spannungsversorgung}{section.3}% 32
\BOOKMARK [2][]{subsection.3.3}{Mikrocontroller}{section.3}% 33
\BOOKMARK [2][]{subsection.3.4}{Digitale Eing\344nge}{section.3}% 34
\BOOKMARK [2][]{subsection.3.5}{UART Schnittstelle}{section.3}% 35
\BOOKMARK [2][]{subsection.3.6}{Netzwerkschnittstelle}{section.3}% 36
\BOOKMARK [2][]{subsection.3.7}{Motorcontroller}{section.3}% 37
\BOOKMARK [2][]{subsection.3.8}{Platinenlayout}{section.3}% 38
\BOOKMARK [2][]{subsection.3.9}{Errata}{section.3}% 39
\BOOKMARK [1][]{section.4}{Software}{}% 40
\BOOKMARK [2][]{subsection.4.1}{Verwendete Programmbibliotheken}{section.4}% 41
\BOOKMARK [2][]{subsection.4.2}{Die State-Machine}{section.4}% 42
\BOOKMARK [3][-]{subsubsection.4.2.1}{STATE\137STARTUP}{subsection.4.2}% 43
\BOOKMARK [3][-]{subsubsection.4.2.2}{STATE\137ERROR}{subsection.4.2}% 44
\BOOKMARK [3][-]{subsubsection.4.2.3}{STATE\137JOB\137HANDLING}{subsection.4.2}% 45
\BOOKMARK [3][-]{subsubsection.4.2.4}{STATE\137MSG\137HANDLING}{subsection.4.2}% 46
\BOOKMARK [3][-]{subsubsection.4.2.5}{STATE\137UART\137COM}{subsection.4.2}% 47
\BOOKMARK [3][-]{subsubsection.4.2.6}{STATE\137MOT\137COM}{subsection.4.2}% 48
\BOOKMARK [3][-]{subsubsection.4.2.7}{STATE\137NET\137COM}{subsection.4.2}% 49
\BOOKMARK [3][-]{subsubsection.4.2.8}{STATE\137IDLE}{subsection.4.2}% 50
\BOOKMARK [2][]{subsection.4.3}{Die Schnittstellenkommunikation}{section.4}% 51
\BOOKMARK [3][-]{subsubsection.4.3.1}{Empfangen}{subsection.4.3}% 52
\BOOKMARK [3][-]{subsubsection.4.3.2}{Senden}{subsection.4.3}% 53
\BOOKMARK [3][-]{subsubsection.4.3.3}{Fehler}{subsection.4.3}% 54
\BOOKMARK [2][]{subsection.4.4}{Die Ringpuffer}{section.4}% 55
\BOOKMARK [3][-]{subsubsection.4.4.1}{getChar}{subsection.4.4}% 56
\BOOKMARK [3][-]{subsubsection.4.4.2}{putChar}{subsection.4.4}% 57
\BOOKMARK [3][-]{subsubsection.4.4.3}{getRemBufSpace}{subsection.4.4}% 58
\BOOKMARK [3][-]{subsubsection.4.4.4}{putMsg}{subsection.4.4}% 59
\BOOKMARK [3][-]{subsubsection.4.4.5}{getMsg}{subsection.4.4}% 60
\BOOKMARK [3][-]{subsubsection.4.4.6}{insertString}{subsection.4.4}% 61
\BOOKMARK [3][-]{subsubsection.4.4.7}{clearString}{subsection.4.4}% 62
\BOOKMARK [2][]{subsection.4.5}{Das Job-System}{section.4}% 63
\BOOKMARK [3][-]{subsubsection.4.5.1}{decodeMsg}{subsection.4.5}% 64
\BOOKMARK [3][-]{subsubsection.4.5.2}{validateID}{subsection.4.5}% 65
\BOOKMARK [3][-]{subsubsection.4.5.3}{checkCRC}{subsection.4.5}% 66
\BOOKMARK [3][-]{subsubsection.4.5.4}{validateMsg}{subsection.4.5}% 67
\BOOKMARK [3][-]{subsubsection.4.5.5}{addJob}{subsection.4.5}% 68
\BOOKMARK [3][-]{subsubsection.4.5.6}{callJob}{subsection.4.5}% 69
\BOOKMARK [3][-]{subsubsection.4.5.7}{jobDone}{subsection.4.5}% 70
\BOOKMARK [2][]{subsection.4.6}{Die Motorsteuerung}{section.4}% 71
\BOOKMARK [3][-]{subsubsection.4.6.1}{Remote\137Ctrl\137Motor}{subsection.4.6}% 72
\BOOKMARK [3][-]{subsubsection.4.6.2}{Ctrl\137Motor}{subsection.4.6}% 73
\BOOKMARK [3][-]{subsubsection.4.6.3}{getBox}{subsection.4.6}% 74
\BOOKMARK [3][-]{subsubsection.4.6.4}{putBox}{subsection.4.6}% 75
\BOOKMARK [3][-]{subsubsection.4.6.5}{EmptyBox}{subsection.4.6}% 76
\BOOKMARK [3][-]{subsubsection.4.6.6}{RefillBox}{subsection.4.6}% 77
\BOOKMARK [1][]{appendix.A}{Anhang Mechanik}{}% 78
\BOOKMARK [2][]{subsection.A.1}{Drehgelenk und Greifer}{appendix.A}% 79
\BOOKMARK [2][]{subsection.A.2}{Z-Achse}{appendix.A}% 80
\BOOKMARK [2][]{subsection.A.3}{X-Achse}{appendix.A}% 81
\BOOKMARK [2][]{subsection.A.4}{Y-Achse}{appendix.A}% 82
\BOOKMARK [1][]{appendix.B}{Anhang Elektronik}{}% 83
\BOOKMARK [1][]{appendix.C}{Anhang Software}{}% 84
\BOOKMARK [2][]{subsection.C.1}{main.c}{appendix.C}% 85
\BOOKMARK [2][]{subsection.C.2}{main.h}{appendix.C}% 86
\BOOKMARK [2][]{subsection.C.3}{circular.c}{appendix.C}% 87
\BOOKMARK [2][]{subsection.C.4}{inc\137circular.h}{appendix.C}% 88
\BOOKMARK [2][]{subsection.C.5}{msg.c}{appendix.C}% 89
\BOOKMARK [2][]{subsection.C.6}{inc\137msg.h}{appendix.C}% 90
\BOOKMARK [2][]{subsection.C.7}{motor.c}{appendix.C}% 91
\BOOKMARK [2][]{subsection.C.8}{inc\137motor.h}{appendix.C}% 92
\BOOKMARK [2][]{subsection.C.9}{def.c}{appendix.C}% 93
\BOOKMARK [2][]{subsection.C.10}{inc\137def.h}{appendix.C}% 94
\BOOKMARK [2][]{subsection.C.11}{startup.c}{appendix.C}% 95
\BOOKMARK [2][]{subsection.C.12}{inc\137startup.h}{appendix.C}% 96
